<?xml version="1.0" encoding="UTF-8"?>
<!-- Generated by org.testng.reporters.JUnitXMLReporter -->
<testsuite ignored="0" hostname="Notebook" failures="0" tests="3" name="Default test" time="0.04" errors="0" timestamp="2022-03-04T11:47:43 IST">
  <testcase classname="com.selenium.MavenPractice.Selenium_Test" name="Login" time="0.007"/>
  <testcase classname="com.selenium.MavenPractice.Rest_Assured_Test" name="Login" time="0.0"/>
  <testcase classname="com.selenium.MavenPractice.Appium_Test" name="Login" time="0.001"/>
</testsuite> <!-- Default test -->
