<?xml version="1.0" encoding="UTF-8"?>
<!-- Generated by org.testng.reporters.JUnitXMLReporter -->
<testsuite ignored="0" hostname="Notebook" failures="0" tests="3" name="Command line test" time="0.074" errors="0" timestamp="2022-03-04T12:33:09 IST">
  <testcase classname="com.selenium.MavenPractice.Appium_Test" name="Login" time="0.009"/>
  <testcase classname="com.selenium.MavenPractice.Rest_Assured_Test" name="Login" time="0.001"/>
  <testcase classname="com.selenium.MavenPractice.Selenium_Test" name="Login" time="0.0"/>
</testsuite> <!-- Command line test -->
