<?xml version="1.0" encoding="UTF-8"?>
<testng-results ignored="0" total="3" passed="3" failed="0" skipped="0">
  <reporter-output>
  </reporter-output>
  <suite started-at="2022-03-04T12:33:09 IST" name="Command line suite" finished-at="2022-03-04T12:33:09 IST" duration-ms="74">
    <groups>
    </groups>
    <test started-at="2022-03-04T12:33:09 IST" name="Command line test" finished-at="2022-03-04T12:33:09 IST" duration-ms="74">
      <class name="com.selenium.MavenPractice.Selenium_Test">
        <test-method signature="Login()[pri:0, instance:com.selenium.MavenPractice.Selenium_Test@6ed3ccb2]" started-at="2022-03-04T12:33:09 IST" name="Login" finished-at="2022-03-04T12:33:09 IST" duration-ms="0" status="PASS">
          <reporter-output>
          </reporter-output>
        </test-method> <!-- Login -->
      </class> <!-- com.selenium.MavenPractice.Selenium_Test -->
      <class name="com.selenium.MavenPractice.Rest_Assured_Test">
        <test-method signature="Login()[pri:0, instance:com.selenium.MavenPractice.Rest_Assured_Test@74e52ef6]" started-at="2022-03-04T12:33:09 IST" name="Login" finished-at="2022-03-04T12:33:09 IST" duration-ms="1" status="PASS">
          <reporter-output>
          </reporter-output>
        </test-method> <!-- Login -->
      </class> <!-- com.selenium.MavenPractice.Rest_Assured_Test -->
      <class name="com.selenium.MavenPractice.Appium_Test">
        <test-method signature="Login()[pri:0, instance:com.selenium.MavenPractice.Appium_Test@7dcf94f8]" started-at="2022-03-04T12:33:09 IST" name="Login" finished-at="2022-03-04T12:33:09 IST" duration-ms="9" status="PASS">
          <reporter-output>
          </reporter-output>
        </test-method> <!-- Login -->
      </class> <!-- com.selenium.MavenPractice.Appium_Test -->
    </test> <!-- Command line test -->
  </suite> <!-- Command line suite -->
</testng-results>
