<?xml version="1.0" encoding="UTF-8"?>
<testng-results ignored="0" total="3" passed="3" failed="0" skipped="0">
  <reporter-output>
  </reporter-output>
  <suite started-at="2022-03-04T11:47:43 IST" name="Default suite" finished-at="2022-03-04T11:47:43 IST" duration-ms="40">
    <groups>
    </groups>
    <test started-at="2022-03-04T11:47:43 IST" name="Default test" finished-at="2022-03-04T11:47:43 IST" duration-ms="40">
      <class name="com.selenium.MavenPractice.Selenium_Test">
        <test-method signature="Login()[pri:0, instance:com.selenium.MavenPractice.Selenium_Test@21282ed8]" started-at="2022-03-04T11:47:43 IST" name="Login" finished-at="2022-03-04T11:47:43 IST" duration-ms="7" status="PASS">
          <reporter-output>
          </reporter-output>
        </test-method> <!-- Login -->
      </class> <!-- com.selenium.MavenPractice.Selenium_Test -->
      <class name="com.selenium.MavenPractice.Rest_Assured_Test">
        <test-method signature="Login()[pri:0, instance:com.selenium.MavenPractice.Rest_Assured_Test@4b8ee4de]" started-at="2022-03-04T11:47:43 IST" name="Login" finished-at="2022-03-04T11:47:43 IST" duration-ms="0" status="PASS">
          <reporter-output>
          </reporter-output>
        </test-method> <!-- Login -->
      </class> <!-- com.selenium.MavenPractice.Rest_Assured_Test -->
      <class name="com.selenium.MavenPractice.Appium_Test">
        <test-method signature="Login()[pri:0, instance:com.selenium.MavenPractice.Appium_Test@27f981c6]" started-at="2022-03-04T11:47:43 IST" name="Login" finished-at="2022-03-04T11:47:43 IST" duration-ms="1" status="PASS">
          <reporter-output>
          </reporter-output>
        </test-method> <!-- Login -->
      </class> <!-- com.selenium.MavenPractice.Appium_Test -->
    </test> <!-- Default test -->
  </suite> <!-- Default suite -->
</testng-results>
